<?xml version="1.0" encoding="UTF-8"?>
<robot generator="Robot 7.0 (Python 3.12.3 on win32)" generated="2024-11-05T19:46:17.114334" rpa="false" schemaversion="5">
<suite id="s1" name="Dropdown" source="D:\STUDY AUTO\Selenium with python\Robot frmework\Testcases\Dropdown.robot">
<test id="s1-t1" name="DropdownSelection" line="11">
<kw name="Open Browser" owner="SeleniumLibrary">
<msg time="2024-11-05T19:46:17.286855" level="INFO">Opening browser 'chrome' to base url 'https://artoftesting.com/samplesiteforselenium'.</msg>
<msg time="2024-11-05T19:46:17.574984" level="WARN">The chromedriver version (129.0.6668.91) detected in PATH at C:\Users\HP\AppData\Local\Programs\Python\Python312\chromedriver.exe might not be compatible with the detected chrome version (130.0.6723.92); currently, chromedriver 130.0.6723.91 is recommended for chrome 130.*, so it is advised to delete the driver in PATH and retry</msg>
<arg>${url}</arg>
<arg>${browser}</arg>
<doc>Opens a new browser instance to the optional ``url``.</doc>
<status status="PASS" start="2024-11-05T19:46:17.286855" elapsed="3.086713"/>
</kw>
<kw name="Maximize Browser Window" owner="SeleniumLibrary">
<doc>Maximizes current browser window.</doc>
<status status="PASS" start="2024-11-05T19:46:20.373568" elapsed="0.022302"/>
</kw>
<kw name="Set Selenium Speed" owner="SeleniumLibrary">
<arg>2</arg>
<doc>Sets the delay that is waited after each Selenium command.</doc>
<status status="PASS" start="2024-11-05T19:46:20.396867" elapsed="0.000382"/>
</kw>
<kw name="Select From List By Label" owner="SeleniumLibrary">
<msg time="2024-11-05T19:46:20.397649" level="INFO">Selecting options from selection list 'testingDropdown' by label Automation Testing.</msg>
<arg>testingDropdown</arg>
<arg>Automation Testing</arg>
<doc>Selects options from selection list ``locator`` by ``labels``.</doc>
<status status="PASS" start="2024-11-05T19:46:20.397649" elapsed="10.064752"/>
</kw>
<kw name="Select From List By Label" owner="SeleniumLibrary">
<msg time="2024-11-05T19:46:30.462401" level="INFO">Selecting options from selection list 'testingDropdown' by label Database Testing.</msg>
<arg>testingDropdown</arg>
<arg>Database Testing</arg>
<doc>Selects options from selection list ``locator`` by ``labels``.</doc>
<status status="PASS" start="2024-11-05T19:46:30.462401" elapsed="14.096053"/>
</kw>
<kw name="Select From List By Index" owner="SeleniumLibrary">
<msg time="2024-11-05T19:46:44.558454" level="INFO">Selecting options from selection list 'testingDropdown' by index 2.</msg>
<arg>testingDropdown</arg>
<arg>2</arg>
<doc>Selects options from selection list ``locator`` by ``indexes``.</doc>
<status status="PASS" start="2024-11-05T19:46:44.558454" elapsed="20.257936"/>
</kw>
<kw name="Select From List By Value" owner="SeleniumLibrary">
<msg time="2024-11-05T19:47:04.816390" level="INFO">Selecting options from selection list 'testingDropdown' by value Performance.</msg>
<arg>testingDropdown</arg>
<arg>Performance</arg>
<doc>Selects options from selection list ``locator`` by ``values``.</doc>
<status status="PASS" start="2024-11-05T19:47:04.816390" elapsed="14.106939"/>
</kw>
<status status="PASS" start="2024-11-05T19:46:17.286855" elapsed="61.636474"/>
</test>
<status status="PASS" start="2024-11-05T19:46:17.114334" elapsed="61.810745"/>
</suite>
<statistics>
<total>
<stat pass="1" fail="0" skip="0">All Tests</stat>
</total>
<tag>
</tag>
<suite>
<stat pass="1" fail="0" skip="0" id="s1" name="Dropdown">Dropdown</stat>
</suite>
</statistics>
<errors>
<msg time="2024-11-05T19:46:17.574984" level="WARN">The chromedriver version (129.0.6668.91) detected in PATH at C:\Users\HP\AppData\Local\Programs\Python\Python312\chromedriver.exe might not be compatible with the detected chrome version (130.0.6723.92); currently, chromedriver 130.0.6723.91 is recommended for chrome 130.*, so it is advised to delete the driver in PATH and retry</msg>
</errors>
</robot>
